Arguments: 
  C:\Program Files\nodejs\node.exe C:\Users\user\AppData\Roaming\npm\node_modules\yarn\bin\yarn.js add font-awesome-less

PATH: 
  C:\Users\user\bin;C:\Program Files\Git\mingw64\bin;C:\Program Files\Git\usr\local\bin;C:\Program Files\Git\usr\bin;C:\Program Files\Git\usr\bin;C:\Program Files\Git\mingw64\bin;C:\Program Files\Git\usr\bin;C:\Users\user\bin;C:\Program Files (x86)\Common Files\Oracle\Java\javapath;C:\imagemagick\ImageMagick-7.0.8-Q16;C:\Program Files (x86)\Intel\iCLS Client;C:\Program Files\Intel\iCLS Client;C:\windows\system32;C:\windows;C:\windows\System32\Wbem;C:\windows\System32\WindowsPowerShell\v1.0;C:\Program Files\Intel\Intel(R) Management Engine Components\DAL;C:\Program Files (x86)\Intel\Intel(R) Management Engine Components\DAL;C:\Program Files\Intel\Intel(R) Management Engine Components\IPT;C:\Program Files (x86)\Intel\Intel(R) Management Engine Components\IPT;C:\Program Files\MiKTeX 2.9\miktex\bin\x64;C:\ProgramData\ComposerSetup\bin;C:\Program Files\nodejs;C:\Program Files\Git\cmd;C:\emacs\bin;C:\Program Files (x86)\Brackets\command;C:\xampp\php;C:\xampp\mysql\bin;C:\Program Files\7-Zip;C:\Users\user\AppData\Local\Programs\Microsoft VS Code\bin;C:\Users\user\AppData\Roaming\Composer\vendor\bin;C:\Program Files\JetBrains\WebStorm 2019.3.1\bin;C:\Users\user\AppData\Roaming\npm;C:\emacs\x86_64\bin;C:\xampp\php;C:\xampp\mysql\bin;C:\Program Files\7-Zip;C:\Program Files\Git\usr\bin\vendor_perl;C:\Program Files\Git\usr\bin\core_perl;C;C:\Users\user\AppData\Local\Programs\Python\Python37-32

Yarn version: 
  1.22.10

Node version: 
  12.16.0

Platform: 
  win32 x64

Trace: 
  Error: https://registry.yarnpkg.com/font-awesome-less: Not found
      at Request.params.callback [as _callback] (C:\Users\user\AppData\Roaming\npm\node_modules\yarn\lib\cli.js:66988:18)
      at Request.self.callback (C:\Users\user\AppData\Roaming\npm\node_modules\yarn\lib\cli.js:140662:22)
      at Request.emit (events.js:321:20)
      at Request.<anonymous> (C:\Users\user\AppData\Roaming\npm\node_modules\yarn\lib\cli.js:141634:10)
      at Request.emit (events.js:321:20)
      at IncomingMessage.<anonymous> (C:\Users\user\AppData\Roaming\npm\node_modules\yarn\lib\cli.js:141556:12)
      at Object.onceWrapper (events.js:427:28)
      at IncomingMessage.emit (events.js:333:22)
      at endReadableNT (_stream_readable.js:1204:12)
      at processTicksAndRejections (internal/process/task_queues.js:84:21)

npm manifest: 
  {
    "name": "webpack-intro",
    "version": "1.0.0",
    "description": "",
    "scripts": {
      "test": "echo \"Error: no test specified\" && exit 1",
      "build": "webpack",
      "dev": "webpack serve"
    },
    "keywords": [],
    "author": "Steve <steve@home.org>",
    "license": "MIT",
    "devDependencies": {
      "@babel/core": "^7.14.8",
      "@babel/preset-env": "^7.14.8",
      "babel-loader": "^8.2.2",
      "css-loader": "^6.2.0",
      "html-loader": "^2.1.2",
      "html-webpack-plugin": "^5.3.2",
      "less": "^4.1.1",
      "less-loader": "^10.0.1",
      "lesshat": "^4.1.0",
      "mini-css-extract-plugin": "^2.1.0",
      "node-sass": "^6.0.1",
      "pug-html-loader": "^1.1.5",
      "sass-loader": "^12.1.0",
      "style-loader": "^3.2.1",
      "webpack": "^5.45.1",
      "webpack-cli": "^4.7.2",
      "webpack-dev-server": "^3.11.2"
    },
    "dependencies": {
      "@fortawesome/fontawesome-free": "^5.15.3",
      "font-awesome-sass": "^4.7.0"
    }
  }

yarn manifest: 
  No manifest

Lockfile: 
  No lockfile
